<?xml version="1.0" encoding="UTF-8"?>
<testsuite xmlns:xsi="http://www.w3.org/2001/XMLSchema-instance" xsi:noNamespaceSchemaLocation="https://maven.apache.org/surefire/maven-surefire-plugin/xsd/surefire-test-report.xsd" version="3.0.2" name="TestSuite" time="18.872" tests="1" errors="0" skipped="0" failures="0">
  <properties>
[...]
</properties>
  <testcase name="LoginintoSauceLabs" classname="com.saucelabs.SauceLabsAutomationTests" time="16.004">
    <system-out><![CDATA[[Warning] The regular expression "" didn't match any method in class com.saucelabs.SauceLabsAutomationTests
[ThreadUtil] Starting executor timeOut:2147483647ms workers:1 threadPoolSize:3
]]></system-out>
    <system-err><![CDATA[Mar 22, 2025 12:01:12 PM org.openqa.selenium.devtools.CdpVersionFinder findNearestMatch
WARNING: Unable to find an exact match for CDP version 134, returning the closest version; found: 131; Please update to a Selenium version that supports CDP version 134
]]></system-err>
  </testcase>
</testsuite>