<?xml version="1.0" encoding="UTF-8"?>
<testng-results total="1" passed="1" failed="0" skipped="0">
  <reporter-output>
  </reporter-output>
  <suite started-at="2025-03-22T06:31:10Z" name="Default suite" finished-at="2025-03-22T06:31:28Z" duration-ms="17860">
    <groups>
    </groups>
    <test started-at="2025-03-22T06:31:10Z" name="Chrome test" finished-at="2025-03-22T06:31:28Z" duration-ms="17860">
      <class name="com.saucelabs.SauceLabsAutomationTests">
        <test-method is-config="true" signature="LaunchBrowser()[pri:0, instance:com.saucelabs.SauceLabsAutomationTests@d737b89]" started-at="2025-03-22T12:01:10Z" name="LaunchBrowser" finished-at="2025-03-22T12:01:12Z" duration-ms="1670" status="PASS">
          <reporter-output>
          </reporter-output>
        </test-method> <!-- LaunchBrowser -->
        <test-method signature="LoginintoSauceLabs()[pri:0, instance:com.saucelabs.SauceLabsAutomationTests@d737b89]" started-at="2025-03-22T12:01:12Z" name="LoginintoSauceLabs" finished-at="2025-03-22T12:01:28Z" duration-ms="16007" status="PASS">
          <reporter-output>
          </reporter-output>
        </test-method> <!-- LoginintoSauceLabs -->
        <test-method is-config="true" signature="closeBrowser()[pri:0, instance:com.saucelabs.SauceLabsAutomationTests@d737b89]" started-at="2025-03-22T12:01:28Z" name="closeBrowser" finished-at="2025-03-22T12:01:28Z" duration-ms="175" status="PASS">
          <reporter-output>
          </reporter-output>
        </test-method> <!-- closeBrowser -->
      </class> <!-- com.saucelabs.SauceLabsAutomationTests -->
    </test> <!-- Chrome test -->
  </suite> <!-- Default suite -->
</testng-results>
